<?xml version="1.0" encoding="UTF-8"?>
<coverage generated="1690491090729" clover="3.2.0">
  <project timestamp="1690491090729" name="All files">
    <metrics statements="32" coveredstatements="32" conditionals="44" coveredconditionals="37" methods="7" coveredmethods="7" elements="83" coveredelements="76" complexity="0" loc="32" ncloc="32" packages="1" files="1" classes="1"/>
    <file name="robot.js" path="C:\Users\EQUIPO\Desktop\Repositorios curso Top\Fase principal\robot-simulator\src\robot.js">
      <metrics statements="32" coveredstatements="32" conditionals="44" coveredconditionals="37" methods="7" coveredmethods="7"/>
      <line num="2" count="11" type="stmt"/>
      <line num="3" count="11" type="stmt"/>
      <line num="4" count="11" type="stmt"/>
      <line num="5" count="11" type="stmt"/>
      <line num="8" count="11" type="stmt"/>
      <line num="9" count="11" type="stmt"/>
      <line num="10" count="11" type="stmt"/>
      <line num="11" count="11" type="cond" truecount="2" falsecount="0"/>
      <line num="12" count="1" type="stmt"/>
      <line num="15" count="10" type="cond" truecount="6" falsecount="0"/>
      <line num="16" count="2" type="stmt"/>
      <line num="19" count="8" type="stmt"/>
      <line num="21" count="3" type="stmt"/>
      <line num="26" count="8" type="stmt"/>
      <line num="27" count="8" type="cond" truecount="6" falsecount="0"/>
      <line num="28" count="1" type="stmt"/>
      <line num="31" count="7" type="stmt"/>
      <line num="33" count="1" type="stmt"/>
      <line num="38" count="12" type="cond" truecount="2" falsecount="0"/>
      <line num="39" count="3" type="stmt"/>
      <line num="41" count="12" type="cond" truecount="2" falsecount="0"/>
      <line num="42" count="5" type="stmt"/>
      <line num="44" count="12" type="cond" truecount="2" falsecount="0"/>
      <line num="45" count="3" type="stmt"/>
      <line num="47" count="12" type="cond" truecount="2" falsecount="0"/>
      <line num="48" count="1" type="stmt"/>
      <line num="53" count="5" type="cond" truecount="2" falsecount="0"/>
      <line num="65" count="3" type="cond" truecount="1" falsecount="1"/>
      <line num="77" count="2" type="stmt"/>
      <line num="78" count="16" type="cond" truecount="2" falsecount="0"/>
      <line num="88" count="11" type="stmt"/>
      <line num="98" count="1" type="stmt"/>
    </file>
  </project>
</coverage>
