{"C:\\Users\\EQUIPO\\Desktop\\Repositorios curso Top\\Fase principal\\robot-simulator\\src\\robot.js": {"path":"C:\\Users\\EQUIPO\\Desktop\\Repositorios curso Top\\Fase principal\\robot-simulator\\src\\robot.js","statementMap":{"0":{"start":{"line":2,"column":28},"end":{"line":2,"column":62}},"1":{"start":{"line":3,"column":11},"end":{"line":3,"column":13}},"2":{"start":{"line":4,"column":11},"end":{"line":4,"column":13}},"3":{"start":{"line":5,"column":21},"end":{"line":5,"column":30}},"4":{"start":{"line":8,"column":3},"end":{"line":23,"column":8}},"5":{"start":{"line":9,"column":6},"end":{"line":22,"column":7}},"6":{"start":{"line":10,"column":25},"end":{"line":10,"column":61}},"7":{"start":{"line":11,"column":9},"end":{"line":13,"column":10}},"8":{"start":{"line":12,"column":12},"end":{"line":12,"column":51}},"9":{"start":{"line":15,"column":9},"end":{"line":17,"column":10}},"10":{"start":{"line":16,"column":12},"end":{"line":16,"column":51}},"11":{"start":{"line":19,"column":9},"end":{"line":19,"column":48}},"12":{"start":{"line":21,"column":9},"end":{"line":21,"column":33}},"13":{"start":{"line":26,"column":6},"end":{"line":34,"column":7}},"14":{"start":{"line":27,"column":9},"end":{"line":29,"column":10}},"15":{"start":{"line":28,"column":12},"end":{"line":28,"column":45}},"16":{"start":{"line":31,"column":9},"end":{"line":31,"column":53}},"17":{"start":{"line":33,"column":9},"end":{"line":33,"column":30}},"18":{"start":{"line":38,"column":6},"end":{"line":40,"column":7}},"19":{"start":{"line":39,"column":9},"end":{"line":39,"column":16}},"20":{"start":{"line":41,"column":6},"end":{"line":43,"column":7}},"21":{"start":{"line":42,"column":9},"end":{"line":42,"column":16}},"22":{"start":{"line":44,"column":6},"end":{"line":46,"column":7}},"23":{"start":{"line":45,"column":9},"end":{"line":45,"column":16}},"24":{"start":{"line":47,"column":6},"end":{"line":49,"column":7}},"25":{"start":{"line":48,"column":9},"end":{"line":48,"column":16}},"26":{"start":{"line":53,"column":6},"end":{"line":61,"column":16}},"27":{"start":{"line":65,"column":6},"end":{"line":73,"column":16}},"28":{"start":{"line":77,"column":6},"end":{"line":85,"column":7}},"29":{"start":{"line":77,"column":19},"end":{"line":77,"column":20}},"30":{"start":{"line":78,"column":9},"end":{"line":84,"column":19}},"31":{"start":{"line":88,"column":3},"end":{"line":95,"column":5}},"32":{"start":{"line":98,"column":0},"end":{"line":98,"column":29}}},"fnMap":{"0":{"name":"createRobot","decl":{"start":{"line":1,"column":9},"end":{"line":1,"column":20}},"loc":{"start":{"line":1,"column":42},"end":{"line":96,"column":1}},"line":1},"1":{"name":"validateParameters","decl":{"start":{"line":8,"column":13},"end":{"line":8,"column":31}},"loc":{"start":{"line":8,"column":34},"end":{"line":23,"column":4}},"line":8},"2":{"name":"getPosition","decl":{"start":{"line":25,"column":12},"end":{"line":25,"column":23}},"loc":{"start":{"line":25,"column":26},"end":{"line":35,"column":4}},"line":25},"3":{"name":"advance","decl":{"start":{"line":37,"column":12},"end":{"line":37,"column":19}},"loc":{"start":{"line":37,"column":22},"end":{"line":50,"column":4}},"line":37},"4":{"name":"turnRight","decl":{"start":{"line":52,"column":12},"end":{"line":52,"column":21}},"loc":{"start":{"line":52,"column":24},"end":{"line":62,"column":4}},"line":52},"5":{"name":"turnLeft","decl":{"start":{"line":64,"column":12},"end":{"line":64,"column":20}},"loc":{"start":{"line":64,"column":23},"end":{"line":74,"column":4}},"line":64},"6":{"name":"instructions","decl":{"start":{"line":76,"column":12},"end":{"line":76,"column":24}},"loc":{"start":{"line":76,"column":33},"end":{"line":86,"column":4}},"line":76}},"branchMap":{"0":{"loc":{"start":{"line":11,"column":9},"end":{"line":13,"column":10}},"type":"if","locations":[{"start":{"line":11,"column":9},"end":{"line":13,"column":10}},{"start":{},"end":{}}],"line":11},"1":{"loc":{"start":{"line":15,"column":9},"end":{"line":17,"column":10}},"type":"if","locations":[{"start":{"line":15,"column":9},"end":{"line":17,"column":10}},{"start":{},"end":{}}],"line":15},"2":{"loc":{"start":{"line":15,"column":13},"end":{"line":15,"column":47}},"type":"binary-expr","locations":[{"start":{"line":15,"column":13},"end":{"line":15,"column":19}},{"start":{"line":15,"column":23},"end":{"line":15,"column":29}},{"start":{"line":15,"column":33},"end":{"line":15,"column":38}},{"start":{"line":15,"column":42},"end":{"line":15,"column":47}}],"line":15},"3":{"loc":{"start":{"line":27,"column":9},"end":{"line":29,"column":10}},"type":"if","locations":[{"start":{"line":27,"column":9},"end":{"line":29,"column":10}},{"start":{},"end":{}}],"line":27},"4":{"loc":{"start":{"line":27,"column":13},"end":{"line":27,"column":47}},"type":"binary-expr","locations":[{"start":{"line":27,"column":13},"end":{"line":27,"column":19}},{"start":{"line":27,"column":23},"end":{"line":27,"column":29}},{"start":{"line":27,"column":33},"end":{"line":27,"column":38}},{"start":{"line":27,"column":42},"end":{"line":27,"column":47}}],"line":27},"5":{"loc":{"start":{"line":38,"column":6},"end":{"line":40,"column":7}},"type":"if","locations":[{"start":{"line":38,"column":6},"end":{"line":40,"column":7}},{"start":{},"end":{}}],"line":38},"6":{"loc":{"start":{"line":41,"column":6},"end":{"line":43,"column":7}},"type":"if","locations":[{"start":{"line":41,"column":6},"end":{"line":43,"column":7}},{"start":{},"end":{}}],"line":41},"7":{"loc":{"start":{"line":44,"column":6},"end":{"line":46,"column":7}},"type":"if","locations":[{"start":{"line":44,"column":6},"end":{"line":46,"column":7}},{"start":{},"end":{}}],"line":44},"8":{"loc":{"start":{"line":47,"column":6},"end":{"line":49,"column":7}},"type":"if","locations":[{"start":{"line":47,"column":6},"end":{"line":49,"column":7}},{"start":{},"end":{}}],"line":47},"9":{"loc":{"start":{"line":53,"column":6},"end":{"line":61,"column":15}},"type":"cond-expr","locations":[{"start":{"line":54,"column":12},"end":{"line":54,"column":32}},{"start":{"line":55,"column":11},"end":{"line":61,"column":15}}],"line":53},"10":{"loc":{"start":{"line":55,"column":11},"end":{"line":61,"column":15}},"type":"cond-expr","locations":[{"start":{"line":56,"column":12},"end":{"line":56,"column":33}},{"start":{"line":57,"column":11},"end":{"line":61,"column":15}}],"line":55},"11":{"loc":{"start":{"line":57,"column":11},"end":{"line":61,"column":15}},"type":"cond-expr","locations":[{"start":{"line":58,"column":12},"end":{"line":58,"column":32}},{"start":{"line":59,"column":11},"end":{"line":61,"column":15}}],"line":57},"12":{"loc":{"start":{"line":59,"column":11},"end":{"line":61,"column":15}},"type":"cond-expr","locations":[{"start":{"line":60,"column":12},"end":{"line":60,"column":33}},{"start":{"line":61,"column":11},"end":{"line":61,"column":15}}],"line":59},"13":{"loc":{"start":{"line":65,"column":6},"end":{"line":73,"column":15}},"type":"cond-expr","locations":[{"start":{"line":66,"column":12},"end":{"line":66,"column":32}},{"start":{"line":67,"column":11},"end":{"line":73,"column":15}}],"line":65},"14":{"loc":{"start":{"line":67,"column":11},"end":{"line":73,"column":15}},"type":"cond-expr","locations":[{"start":{"line":68,"column":12},"end":{"line":68,"column":33}},{"start":{"line":69,"column":11},"end":{"line":73,"column":15}}],"line":67},"15":{"loc":{"start":{"line":69,"column":11},"end":{"line":73,"column":15}},"type":"cond-expr","locations":[{"start":{"line":70,"column":12},"end":{"line":70,"column":32}},{"start":{"line":71,"column":11},"end":{"line":73,"column":15}}],"line":69},"16":{"loc":{"start":{"line":71,"column":11},"end":{"line":73,"column":15}},"type":"cond-expr","locations":[{"start":{"line":72,"column":12},"end":{"line":72,"column":33}},{"start":{"line":73,"column":11},"end":{"line":73,"column":15}}],"line":71},"17":{"loc":{"start":{"line":78,"column":9},"end":{"line":84,"column":18}},"type":"cond-expr","locations":[{"start":{"line":79,"column":14},"end":{"line":79,"column":23}},{"start":{"line":80,"column":14},"end":{"line":84,"column":18}}],"line":78},"18":{"loc":{"start":{"line":80,"column":14},"end":{"line":84,"column":18}},"type":"cond-expr","locations":[{"start":{"line":81,"column":14},"end":{"line":81,"column":25}},{"start":{"line":82,"column":14},"end":{"line":84,"column":18}}],"line":80},"19":{"loc":{"start":{"line":82,"column":14},"end":{"line":84,"column":18}},"type":"cond-expr","locations":[{"start":{"line":83,"column":14},"end":{"line":83,"column":24}},{"start":{"line":84,"column":14},"end":{"line":84,"column":18}}],"line":82}},"s":{"0":11,"1":11,"2":11,"3":11,"4":11,"5":11,"6":11,"7":11,"8":1,"9":10,"10":2,"11":8,"12":3,"13":8,"14":8,"15":1,"16":7,"17":1,"18":12,"19":3,"20":12,"21":5,"22":12,"23":3,"24":12,"25":1,"26":5,"27":3,"28":2,"29":2,"30":16,"31":11,"32":1},"f":{"0":11,"1":11,"2":8,"3":12,"4":5,"5":3,"6":2},"b":{"0":[1,10],"1":[2,8],"2":[10,8,8,8],"3":[1,7],"4":[8,7,7,7],"5":[3,9],"6":[5,7],"7":[3,9],"8":[1,11],"9":[2,3],"10":[2,1],"11":[1,0],"12":[0,0],"13":[0,3],"14":[0,3],"15":[2,1],"16":[1,0],"17":[10,6],"18":[4,2],"19":[2,0]},"_coverageSchema":"1a1c01bbd47fc00a2c39e90264f33305004495a9","hash":"fb99146fa205de20cfcaaa12b1ff5dc7a96ff1d2"}
}
