TN:
SF:src\robot.js
FN:1,createRobot
FN:8,validateParameters
FN:25,getPosition
FN:37,advance
FN:52,turnRight
FN:64,turnLeft
FN:76,instructions
FNF:7
FNH:7
FNDA:11,createRobot
FNDA:11,validateParameters
FNDA:8,getPosition
FNDA:12,advance
FNDA:5,turnRight
FNDA:3,turnLeft
FNDA:2,instructions
DA:2,11
DA:3,11
DA:4,11
DA:5,11
DA:8,11
DA:9,11
DA:10,11
DA:11,11
DA:12,1
DA:15,10
DA:16,2
DA:19,8
DA:21,3
DA:26,8
DA:27,8
DA:28,1
DA:31,7
DA:33,1
DA:38,12
DA:39,3
DA:41,12
DA:42,5
DA:44,12
DA:45,3
DA:47,12
DA:48,1
DA:53,5
DA:65,3
DA:77,2
DA:78,16
DA:88,11
DA:98,1
LF:32
LH:32
BRDA:11,0,0,1
BRDA:11,0,1,10
BRDA:15,1,0,2
BRDA:15,1,1,8
BRDA:15,2,0,10
BRDA:15,2,1,8
BRDA:15,2,2,8
BRDA:15,2,3,8
BRDA:27,3,0,1
BRDA:27,3,1,7
BRDA:27,4,0,8
BRDA:27,4,1,7
BRDA:27,4,2,7
BRDA:27,4,3,7
BRDA:38,5,0,3
BRDA:38,5,1,9
BRDA:41,6,0,5
BRDA:41,6,1,7
BRDA:44,7,0,3
BRDA:44,7,1,9
BRDA:47,8,0,1
BRDA:47,8,1,11
BRDA:53,9,0,2
BRDA:53,9,1,3
BRDA:55,10,0,2
BRDA:55,10,1,1
BRDA:57,11,0,1
BRDA:57,11,1,0
BRDA:59,12,0,0
BRDA:59,12,1,0
BRDA:65,13,0,0
BRDA:65,13,1,3
BRDA:67,14,0,0
BRDA:67,14,1,3
BRDA:69,15,0,2
BRDA:69,15,1,1
BRDA:71,16,0,1
BRDA:71,16,1,0
BRDA:78,17,0,10
BRDA:78,17,1,6
BRDA:80,18,0,4
BRDA:80,18,1,2
BRDA:82,19,0,2
BRDA:82,19,1,0
BRF:44
BRH:37
end_of_record
